Analysis & Synthesis report for FootballScoreboardProject
Mon Apr 14 11:01:38 2025
Quartus Prime Version 24.1std.0 Build 1077 03/04/2025 SC Lite Edition


---------------------
; Table of Contents ;
---------------------
  1. Legal Notice
  2. Analysis & Synthesis Summary
  3. Analysis & Synthesis Settings
  4. Parallel Compilation
  5. Analysis & Synthesis Source Files Read
  6. Analysis & Synthesis Resource Usage Summary
  7. Analysis & Synthesis Resource Utilization by Entity
  8. General Register Statistics
  9. Inverted Register Statistics
 10. Multiplexer Restructuring Statistics (Restructuring Performed)
 11. Parameter Settings for User Entity Instance: timer_module:inst1
 12. Parameter Settings for Inferred Entity Instance: game_clock_DFF:inst11|lpm_divide:Div0
 13. Parameter Settings for Inferred Entity Instance: game_clock_DFF:inst11|lpm_divide:Div1
 14. Parameter Settings for Inferred Entity Instance: game_clock_DFF:inst11|lpm_divide:Mod0
 15. Parameter Settings for Inferred Entity Instance: game_clock_DFF:inst11|lpm_divide:Mod1
 16. Parameter Settings for Inferred Entity Instance: scoring_mechanism_DFF:inst91|lpm_divide:Mod0
 17. Parameter Settings for Inferred Entity Instance: scoring_mechanism_DFF:inst91|lpm_divide:Div0
 18. Parameter Settings for Inferred Entity Instance: scoring_mechanism_DFF:inst91|lpm_divide:Mod1
 19. Parameter Settings for Inferred Entity Instance: scoring_mechanism_DFF:inst91|lpm_divide:Div1
 20. Post-Synthesis Netlist Statistics for Top Partition
 21. Elapsed Time Per Partition
 22. Analysis & Synthesis Messages



----------------
; Legal Notice ;
----------------
Copyright (C) 2025  Altera Corporation. All rights reserved.
Your use of Altera Corporation's design tools, logic functions 
and other software and tools, and any partner logic 
functions, and any output files from any of the foregoing 
(including device programming or simulation files), and any 
associated documentation or information are expressly subject 
to the terms and conditions of the Altera Program License 
Subscription Agreement, the Altera Quartus Prime License Agreement,
the Altera IP License Agreement, or other applicable license
agreement, including, without limitation, that your use is for
the sole purpose of programming logic devices manufactured by
Altera and sold by Altera or its authorized distributors.  Please
refer to the Altera Software License Subscription Agreements 
on the Quartus Prime software download page.



+-----------------------------------------------------------------------------------+
; Analysis & Synthesis Summary                                                      ;
+---------------------------------+-------------------------------------------------+
; Analysis & Synthesis Status     ; Successful - Mon Apr 14 11:01:38 2025           ;
; Quartus Prime Version           ; 24.1std.0 Build 1077 03/04/2025 SC Lite Edition ;
; Revision Name                   ; FootballScoreboardProject                       ;
; Top-level Entity Name           ; FootballScoreboardProject                       ;
; Family                          ; Cyclone V                                       ;
; Logic utilization (in ALMs)     ; N/A                                             ;
; Total registers                 ; 96                                              ;
; Total pins                      ; 54                                              ;
; Total virtual pins              ; 0                                               ;
; Total block memory bits         ; 0                                               ;
; Total DSP Blocks                ; 0                                               ;
; Total HSSI RX PCSs              ; 0                                               ;
; Total HSSI PMA RX Deserializers ; 0                                               ;
; Total HSSI TX PCSs              ; 0                                               ;
; Total HSSI PMA TX Serializers   ; 0                                               ;
; Total PLLs                      ; 0                                               ;
; Total DLLs                      ; 0                                               ;
+---------------------------------+-------------------------------------------------+


+-----------------------------------------------------------------------------------------------------------------------------------------+
; Analysis & Synthesis Settings                                                                                                           ;
+---------------------------------------------------------------------------------+---------------------------+---------------------------+
; Option                                                                          ; Setting                   ; Default Value             ;
+---------------------------------------------------------------------------------+---------------------------+---------------------------+
; Device                                                                          ; 5CSEMA5F31C6              ;                           ;
; Top-level entity name                                                           ; FootballScoreboardProject ; FootballScoreboardProject ;
; Family name                                                                     ; Cyclone V                 ; Cyclone V                 ;
; Use smart compilation                                                           ; Off                       ; Off                       ;
; Enable parallel Assembler and Timing Analyzer during compilation                ; On                        ; On                        ;
; Enable compact report table                                                     ; Off                       ; Off                       ;
; Restructure Multiplexers                                                        ; Auto                      ; Auto                      ;
; MLAB Add Timing Constraints For Mixed-Port Feed-Through Mode Setting Don't Care ; Off                       ; Off                       ;
; Create Debugging Nodes for IP Cores                                             ; Off                       ; Off                       ;
; Preserve fewer node names                                                       ; On                        ; On                        ;
; Intel FPGA IP Evaluation Mode                                                   ; Enable                    ; Enable                    ;
; Verilog Version                                                                 ; Verilog_2001              ; Verilog_2001              ;
; VHDL Version                                                                    ; VHDL_1993                 ; VHDL_1993                 ;
; State Machine Processing                                                        ; Auto                      ; Auto                      ;
; Safe State Machine                                                              ; Off                       ; Off                       ;
; Extract Verilog State Machines                                                  ; On                        ; On                        ;
; Extract VHDL State Machines                                                     ; On                        ; On                        ;
; Ignore Verilog initial constructs                                               ; Off                       ; Off                       ;
; Iteration limit for constant Verilog loops                                      ; 5000                      ; 5000                      ;
; Iteration limit for non-constant Verilog loops                                  ; 250                       ; 250                       ;
; Add Pass-Through Logic to Inferred RAMs                                         ; On                        ; On                        ;
; Infer RAMs from Raw Logic                                                       ; On                        ; On                        ;
; Parallel Synthesis                                                              ; On                        ; On                        ;
; DSP Block Balancing                                                             ; Auto                      ; Auto                      ;
; NOT Gate Push-Back                                                              ; On                        ; On                        ;
; Power-Up Don't Care                                                             ; On                        ; On                        ;
; Remove Redundant Logic Cells                                                    ; Off                       ; Off                       ;
; Remove Duplicate Registers                                                      ; On                        ; On                        ;
; Ignore CARRY Buffers                                                            ; Off                       ; Off                       ;
; Ignore CASCADE Buffers                                                          ; Off                       ; Off                       ;
; Ignore GLOBAL Buffers                                                           ; Off                       ; Off                       ;
; Ignore ROW GLOBAL Buffers                                                       ; Off                       ; Off                       ;
; Ignore LCELL Buffers                                                            ; Off                       ; Off                       ;
; Ignore SOFT Buffers                                                             ; On                        ; On                        ;
; Limit AHDL Integers to 32 Bits                                                  ; Off                       ; Off                       ;
; Optimization Technique                                                          ; Balanced                  ; Balanced                  ;
; Carry Chain Length                                                              ; 70                        ; 70                        ;
; Auto Carry Chains                                                               ; On                        ; On                        ;
; Auto Open-Drain Pins                                                            ; On                        ; On                        ;
; Perform WYSIWYG Primitive Resynthesis                                           ; Off                       ; Off                       ;
; Auto ROM Replacement                                                            ; On                        ; On                        ;
; Auto RAM Replacement                                                            ; On                        ; On                        ;
; Auto DSP Block Replacement                                                      ; On                        ; On                        ;
; Auto Shift Register Replacement                                                 ; Auto                      ; Auto                      ;
; Allow Shift Register Merging across Hierarchies                                 ; Auto                      ; Auto                      ;
; Auto Clock Enable Replacement                                                   ; On                        ; On                        ;
; Strict RAM Replacement                                                          ; Off                       ; Off                       ;
; Allow Synchronous Control Signals                                               ; On                        ; On                        ;
; Force Use of Synchronous Clear Signals                                          ; Off                       ; Off                       ;
; Auto Resource Sharing                                                           ; Off                       ; Off                       ;
; Allow Any RAM Size For Recognition                                              ; Off                       ; Off                       ;
; Allow Any ROM Size For Recognition                                              ; Off                       ; Off                       ;
; Allow Any Shift Register Size For Recognition                                   ; Off                       ; Off                       ;
; Use LogicLock Constraints during Resource Balancing                             ; On                        ; On                        ;
; Ignore translate_off and synthesis_off directives                               ; Off                       ; Off                       ;
; Timing-Driven Synthesis                                                         ; On                        ; On                        ;
; Report Parameter Settings                                                       ; On                        ; On                        ;
; Report Source Assignments                                                       ; On                        ; On                        ;
; Report Connectivity Checks                                                      ; On                        ; On                        ;
; Ignore Maximum Fan-Out Assignments                                              ; Off                       ; Off                       ;
; Synchronization Register Chain Length                                           ; 3                         ; 3                         ;
; Power Optimization During Synthesis                                             ; Normal compilation        ; Normal compilation        ;
; HDL message level                                                               ; Level2                    ; Level2                    ;
; Suppress Register Optimization Related Messages                                 ; Off                       ; Off                       ;
; Number of Removed Registers Reported in Synthesis Report                        ; 5000                      ; 5000                      ;
; Number of Swept Nodes Reported in Synthesis Report                              ; 5000                      ; 5000                      ;
; Number of Inverted Registers Reported in Synthesis Report                       ; 100                       ; 100                       ;
; Clock MUX Protection                                                            ; On                        ; On                        ;
; Auto Gated Clock Conversion                                                     ; Off                       ; Off                       ;
; Block Design Naming                                                             ; Auto                      ; Auto                      ;
; SDC constraint protection                                                       ; Off                       ; Off                       ;
; Synthesis Effort                                                                ; Auto                      ; Auto                      ;
; Shift Register Replacement - Allow Asynchronous Clear Signal                    ; On                        ; On                        ;
; Pre-Mapping Resynthesis Optimization                                            ; Off                       ; Off                       ;
; Analysis & Synthesis Message Level                                              ; Medium                    ; Medium                    ;
; Disable Register Merging Across Hierarchies                                     ; Auto                      ; Auto                      ;
; Resource Aware Inference For Block RAM                                          ; On                        ; On                        ;
; Automatic Parallel Synthesis                                                    ; On                        ; On                        ;
; Partial Reconfiguration Bitstream ID                                            ; Off                       ; Off                       ;
+---------------------------------------------------------------------------------+---------------------------+---------------------------+


+------------------------------------------+
; Parallel Compilation                     ;
+----------------------------+-------------+
; Processors                 ; Number      ;
+----------------------------+-------------+
; Number detected on machine ; 20          ;
; Maximum allowed            ; 14          ;
;                            ;             ;
; Average used               ; 1.00        ;
; Maximum used               ; 14          ;
;                            ;             ;
; Usage by Processor         ; % Time Used ;
;     Processor 1            ; 100.0%      ;
;     Processors 2-14        ;   0.0%      ;
+----------------------------+-------------+


+-----------------------------------------------------------------------------------------------------------------------------------------------------------------------------------+
; Analysis & Synthesis Source Files Read                                                                                                                                            ;
+----------------------------------+-----------------+------------------------------------+-------------------------------------------------------------------------------+---------+
; File Name with User-Entered Path ; Used in Netlist ; File Type                          ; File Name with Absolute Path                                                  ; Library ;
+----------------------------------+-----------------+------------------------------------+-------------------------------------------------------------------------------+---------+
; FootballScoreboardProject.bdf    ; yes             ; User Block Diagram/Schematic File  ; C:/Users/alexb/EEL3705 Final Project/FootballScoreboardProject.bdf            ;         ;
; timer_module.v                   ; yes             ; User Verilog HDL File              ; C:/Users/alexb/EEL3705 Final Project/timer_module.v                           ;         ;
; hex_decoder.v                    ; yes             ; User Verilog HDL File              ; C:/Users/alexb/EEL3705 Final Project/hex_decoder.v                            ;         ;
; game_clock_DFF.v                 ; yes             ; User Verilog HDL File              ; C:/Users/alexb/EEL3705 Final Project/game_clock_DFF.v                         ;         ;
; my_dff.v                         ; yes             ; User Verilog HDL File              ; C:/Users/alexb/EEL3705 Final Project/my_dff.v                                 ;         ;
; scoring_mechanism_DFF.v          ; yes             ; User Verilog HDL File              ; C:/Users/alexb/EEL3705 Final Project/scoring_mechanism_DFF.v                  ;         ;
; edge_detector.v                  ; yes             ; User Verilog HDL File              ; C:/Users/alexb/EEL3705 Final Project/edge_detector.v                          ;         ;
; lpm_divide.tdf                   ; yes             ; Megafunction                       ; c:/intelfpga_lite/24.1std/quartus/libraries/megafunctions/lpm_divide.tdf      ;         ;
; abs_divider.inc                  ; yes             ; Megafunction                       ; c:/intelfpga_lite/24.1std/quartus/libraries/megafunctions/abs_divider.inc     ;         ;
; sign_div_unsign.inc              ; yes             ; Megafunction                       ; c:/intelfpga_lite/24.1std/quartus/libraries/megafunctions/sign_div_unsign.inc ;         ;
; aglobal241.inc                   ; yes             ; Megafunction                       ; c:/intelfpga_lite/24.1std/quartus/libraries/megafunctions/aglobal241.inc      ;         ;
; db/lpm_divide_ebm.tdf            ; yes             ; Auto-Generated Megafunction        ; C:/Users/alexb/EEL3705 Final Project/db/lpm_divide_ebm.tdf                    ;         ;
; db/sign_div_unsign_klh.tdf       ; yes             ; Auto-Generated Megafunction        ; C:/Users/alexb/EEL3705 Final Project/db/sign_div_unsign_klh.tdf               ;         ;
; db/alt_u_div_eve.tdf             ; yes             ; Auto-Generated Megafunction        ; C:/Users/alexb/EEL3705 Final Project/db/alt_u_div_eve.tdf                     ;         ;
; db/lpm_divide_h3m.tdf            ; yes             ; Auto-Generated Megafunction        ; C:/Users/alexb/EEL3705 Final Project/db/lpm_divide_h3m.tdf                    ;         ;
; db/lpm_divide_72m.tdf            ; yes             ; Auto-Generated Megafunction        ; C:/Users/alexb/EEL3705 Final Project/db/lpm_divide_72m.tdf                    ;         ;
; db/sign_div_unsign_akh.tdf       ; yes             ; Auto-Generated Megafunction        ; C:/Users/alexb/EEL3705 Final Project/db/sign_div_unsign_akh.tdf               ;         ;
; db/alt_u_div_qse.tdf             ; yes             ; Auto-Generated Megafunction        ; C:/Users/alexb/EEL3705 Final Project/db/alt_u_div_qse.tdf                     ;         ;
; db/lpm_divide_4am.tdf            ; yes             ; Auto-Generated Megafunction        ; C:/Users/alexb/EEL3705 Final Project/db/lpm_divide_4am.tdf                    ;         ;
+----------------------------------+-----------------+------------------------------------+-------------------------------------------------------------------------------+---------+


+-------------------------------------------------------------------------+
; Analysis & Synthesis Resource Usage Summary                             ;
+---------------------------------------------+---------------------------+
; Resource                                    ; Usage                     ;
+---------------------------------------------+---------------------------+
; Estimate of Logic utilization (ALMs needed) ; 348                       ;
;                                             ;                           ;
; Combinational ALUT usage for logic          ; 661                       ;
;     -- 7 input functions                    ; 6                         ;
;     -- 6 input functions                    ; 26                        ;
;     -- 5 input functions                    ; 15                        ;
;     -- 4 input functions                    ; 76                        ;
;     -- <=3 input functions                  ; 538                       ;
;                                             ;                           ;
; Dedicated logic registers                   ; 96                        ;
;                                             ;                           ;
; I/O pins                                    ; 54                        ;
;                                             ;                           ;
; Total DSP Blocks                            ; 0                         ;
;                                             ;                           ;
; Maximum fan-out node                        ; timer_module:inst1|toggle ;
; Maximum fan-out                             ; 64                        ;
; Total fan-out                               ; 2279                      ;
; Average fan-out                             ; 2.63                      ;
+---------------------------------------------+---------------------------+


+-------------------------------------------------------------------------------------------------------------------------------------------------------------------------------------------------------------------------------------------------------------------------------------------------------------------------------------------------------------+
; Analysis & Synthesis Resource Utilization by Entity                                                                                                                                                                                                                                                                                                         ;
+-----------------------------------------------+---------------------+---------------------------+-------------------+------------+------+--------------+---------------------------------------------------------------------------------------------------------------------------------------------------------+---------------------------+--------------+
; Compilation Hierarchy Node                    ; Combinational ALUTs ; Dedicated Logic Registers ; Block Memory Bits ; DSP Blocks ; Pins ; Virtual Pins ; Full Hierarchy Name                                                                                                                                     ; Entity Name               ; Library Name ;
+-----------------------------------------------+---------------------+---------------------------+-------------------+------------+------+--------------+---------------------------------------------------------------------------------------------------------------------------------------------------------+---------------------------+--------------+
; |FootballScoreboardProject                    ; 661 (0)             ; 96 (0)                    ; 0                 ; 0          ; 54   ; 0            ; |FootballScoreboardProject                                                                                                                              ; FootballScoreboardProject ; work         ;
;    |game_clock_DFF:inst11|                    ; 343 (51)            ; 41 (21)                   ; 0                 ; 0          ; 0    ; 0            ; |FootballScoreboardProject|game_clock_DFF:inst11                                                                                                        ; game_clock_DFF            ; work         ;
;       |lpm_divide:Div0|                       ; 71 (0)              ; 0 (0)                     ; 0                 ; 0          ; 0    ; 0            ; |FootballScoreboardProject|game_clock_DFF:inst11|lpm_divide:Div0                                                                                        ; lpm_divide                ; work         ;
;          |lpm_divide_ebm:auto_generated|      ; 71 (0)              ; 0 (0)                     ; 0                 ; 0          ; 0    ; 0            ; |FootballScoreboardProject|game_clock_DFF:inst11|lpm_divide:Div0|lpm_divide_ebm:auto_generated                                                          ; lpm_divide_ebm            ; work         ;
;             |sign_div_unsign_klh:divider|     ; 71 (0)              ; 0 (0)                     ; 0                 ; 0          ; 0    ; 0            ; |FootballScoreboardProject|game_clock_DFF:inst11|lpm_divide:Div0|lpm_divide_ebm:auto_generated|sign_div_unsign_klh:divider                              ; sign_div_unsign_klh       ; work         ;
;                |alt_u_div_eve:divider|        ; 71 (71)             ; 0 (0)                     ; 0                 ; 0          ; 0    ; 0            ; |FootballScoreboardProject|game_clock_DFF:inst11|lpm_divide:Div0|lpm_divide_ebm:auto_generated|sign_div_unsign_klh:divider|alt_u_div_eve:divider        ; alt_u_div_eve             ; work         ;
;       |lpm_divide:Div1|                       ; 71 (0)              ; 0 (0)                     ; 0                 ; 0          ; 0    ; 0            ; |FootballScoreboardProject|game_clock_DFF:inst11|lpm_divide:Div1                                                                                        ; lpm_divide                ; work         ;
;          |lpm_divide_ebm:auto_generated|      ; 71 (0)              ; 0 (0)                     ; 0                 ; 0          ; 0    ; 0            ; |FootballScoreboardProject|game_clock_DFF:inst11|lpm_divide:Div1|lpm_divide_ebm:auto_generated                                                          ; lpm_divide_ebm            ; work         ;
;             |sign_div_unsign_klh:divider|     ; 71 (0)              ; 0 (0)                     ; 0                 ; 0          ; 0    ; 0            ; |FootballScoreboardProject|game_clock_DFF:inst11|lpm_divide:Div1|lpm_divide_ebm:auto_generated|sign_div_unsign_klh:divider                              ; sign_div_unsign_klh       ; work         ;
;                |alt_u_div_eve:divider|        ; 71 (71)             ; 0 (0)                     ; 0                 ; 0          ; 0    ; 0            ; |FootballScoreboardProject|game_clock_DFF:inst11|lpm_divide:Div1|lpm_divide_ebm:auto_generated|sign_div_unsign_klh:divider|alt_u_div_eve:divider        ; alt_u_div_eve             ; work         ;
;       |lpm_divide:Mod0|                       ; 71 (0)              ; 0 (0)                     ; 0                 ; 0          ; 0    ; 0            ; |FootballScoreboardProject|game_clock_DFF:inst11|lpm_divide:Mod0                                                                                        ; lpm_divide                ; work         ;
;          |lpm_divide_h3m:auto_generated|      ; 71 (0)              ; 0 (0)                     ; 0                 ; 0          ; 0    ; 0            ; |FootballScoreboardProject|game_clock_DFF:inst11|lpm_divide:Mod0|lpm_divide_h3m:auto_generated                                                          ; lpm_divide_h3m            ; work         ;
;             |sign_div_unsign_klh:divider|     ; 71 (0)              ; 0 (0)                     ; 0                 ; 0          ; 0    ; 0            ; |FootballScoreboardProject|game_clock_DFF:inst11|lpm_divide:Mod0|lpm_divide_h3m:auto_generated|sign_div_unsign_klh:divider                              ; sign_div_unsign_klh       ; work         ;
;                |alt_u_div_eve:divider|        ; 71 (71)             ; 0 (0)                     ; 0                 ; 0          ; 0    ; 0            ; |FootballScoreboardProject|game_clock_DFF:inst11|lpm_divide:Mod0|lpm_divide_h3m:auto_generated|sign_div_unsign_klh:divider|alt_u_div_eve:divider        ; alt_u_div_eve             ; work         ;
;       |lpm_divide:Mod1|                       ; 71 (0)              ; 0 (0)                     ; 0                 ; 0          ; 0    ; 0            ; |FootballScoreboardProject|game_clock_DFF:inst11|lpm_divide:Mod1                                                                                        ; lpm_divide                ; work         ;
;          |lpm_divide_h3m:auto_generated|      ; 71 (0)              ; 0 (0)                     ; 0                 ; 0          ; 0    ; 0            ; |FootballScoreboardProject|game_clock_DFF:inst11|lpm_divide:Mod1|lpm_divide_h3m:auto_generated                                                          ; lpm_divide_h3m            ; work         ;
;             |sign_div_unsign_klh:divider|     ; 71 (0)              ; 0 (0)                     ; 0                 ; 0          ; 0    ; 0            ; |FootballScoreboardProject|game_clock_DFF:inst11|lpm_divide:Mod1|lpm_divide_h3m:auto_generated|sign_div_unsign_klh:divider                              ; sign_div_unsign_klh       ; work         ;
;                |alt_u_div_eve:divider|        ; 71 (71)             ; 0 (0)                     ; 0                 ; 0          ; 0    ; 0            ; |FootballScoreboardProject|game_clock_DFF:inst11|lpm_divide:Mod1|lpm_divide_h3m:auto_generated|sign_div_unsign_klh:divider|alt_u_div_eve:divider        ; alt_u_div_eve             ; work         ;
;       |my_dff:counter_dffs[0].d_counter|      ; 0 (0)               ; 1 (1)                     ; 0                 ; 0          ; 0    ; 0            ; |FootballScoreboardProject|game_clock_DFF:inst11|my_dff:counter_dffs[0].d_counter                                                                       ; my_dff                    ; work         ;
;       |my_dff:counter_dffs[1].d_counter|      ; 0 (0)               ; 1 (1)                     ; 0                 ; 0          ; 0    ; 0            ; |FootballScoreboardProject|game_clock_DFF:inst11|my_dff:counter_dffs[1].d_counter                                                                       ; my_dff                    ; work         ;
;       |my_dff:counter_dffs[2].d_counter|      ; 0 (0)               ; 1 (1)                     ; 0                 ; 0          ; 0    ; 0            ; |FootballScoreboardProject|game_clock_DFF:inst11|my_dff:counter_dffs[2].d_counter                                                                       ; my_dff                    ; work         ;
;       |my_dff:counter_dffs[3].d_counter|      ; 1 (1)               ; 1 (1)                     ; 0                 ; 0          ; 0    ; 0            ; |FootballScoreboardProject|game_clock_DFF:inst11|my_dff:counter_dffs[3].d_counter                                                                       ; my_dff                    ; work         ;
;       |my_dff:counter_dffs[4].d_counter|      ; 1 (1)               ; 1 (1)                     ; 0                 ; 0          ; 0    ; 0            ; |FootballScoreboardProject|game_clock_DFF:inst11|my_dff:counter_dffs[4].d_counter                                                                       ; my_dff                    ; work         ;
;       |my_dff:counter_dffs[5].d_counter|      ; 0 (0)               ; 1 (1)                     ; 0                 ; 0          ; 0    ; 0            ; |FootballScoreboardProject|game_clock_DFF:inst11|my_dff:counter_dffs[5].d_counter                                                                       ; my_dff                    ; work         ;
;       |my_dff:counter_dffs[6].d_counter|      ; 1 (1)               ; 1 (1)                     ; 0                 ; 0          ; 0    ; 0            ; |FootballScoreboardProject|game_clock_DFF:inst11|my_dff:counter_dffs[6].d_counter                                                                       ; my_dff                    ; work         ;
;       |my_dff:counter_dffs[7].d_counter|      ; 0 (0)               ; 1 (1)                     ; 0                 ; 0          ; 0    ; 0            ; |FootballScoreboardProject|game_clock_DFF:inst11|my_dff:counter_dffs[7].d_counter                                                                       ; my_dff                    ; work         ;
;       |my_dff:counter_dffs[8].d_counter|      ; 0 (0)               ; 1 (1)                     ; 0                 ; 0          ; 0    ; 0            ; |FootballScoreboardProject|game_clock_DFF:inst11|my_dff:counter_dffs[8].d_counter                                                                       ; my_dff                    ; work         ;
;       |my_dff:counter_dffs[9].d_counter|      ; 1 (1)               ; 1 (1)                     ; 0                 ; 0          ; 0    ; 0            ; |FootballScoreboardProject|game_clock_DFF:inst11|my_dff:counter_dffs[9].d_counter                                                                       ; my_dff                    ; work         ;
;       |my_dff:gameclock_dffs[0].d_game_clock| ; 1 (1)               ; 1 (1)                     ; 0                 ; 0          ; 0    ; 0            ; |FootballScoreboardProject|game_clock_DFF:inst11|my_dff:gameclock_dffs[0].d_game_clock                                                                  ; my_dff                    ; work         ;
;       |my_dff:gameclock_dffs[1].d_game_clock| ; 1 (1)               ; 1 (1)                     ; 0                 ; 0          ; 0    ; 0            ; |FootballScoreboardProject|game_clock_DFF:inst11|my_dff:gameclock_dffs[1].d_game_clock                                                                  ; my_dff                    ; work         ;
;       |my_dff:gameclock_dffs[2].d_game_clock| ; 1 (1)               ; 1 (1)                     ; 0                 ; 0          ; 0    ; 0            ; |FootballScoreboardProject|game_clock_DFF:inst11|my_dff:gameclock_dffs[2].d_game_clock                                                                  ; my_dff                    ; work         ;
;       |my_dff:gameclock_dffs[3].d_game_clock| ; 1 (1)               ; 1 (1)                     ; 0                 ; 0          ; 0    ; 0            ; |FootballScoreboardProject|game_clock_DFF:inst11|my_dff:gameclock_dffs[3].d_game_clock                                                                  ; my_dff                    ; work         ;
;       |my_dff:gameclock_dffs[4].d_game_clock| ; 0 (0)               ; 1 (1)                     ; 0                 ; 0          ; 0    ; 0            ; |FootballScoreboardProject|game_clock_DFF:inst11|my_dff:gameclock_dffs[4].d_game_clock                                                                  ; my_dff                    ; work         ;
;       |my_dff:gameclock_dffs[5].d_game_clock| ; 0 (0)               ; 1 (1)                     ; 0                 ; 0          ; 0    ; 0            ; |FootballScoreboardProject|game_clock_DFF:inst11|my_dff:gameclock_dffs[5].d_game_clock                                                                  ; my_dff                    ; work         ;
;       |my_dff:gameclock_dffs[6].d_game_clock| ; 0 (0)               ; 1 (1)                     ; 0                 ; 0          ; 0    ; 0            ; |FootballScoreboardProject|game_clock_DFF:inst11|my_dff:gameclock_dffs[6].d_game_clock                                                                  ; my_dff                    ; work         ;
;       |my_dff:gameclock_dffs[7].d_game_clock| ; 0 (0)               ; 1 (1)                     ; 0                 ; 0          ; 0    ; 0            ; |FootballScoreboardProject|game_clock_DFF:inst11|my_dff:gameclock_dffs[7].d_game_clock                                                                  ; my_dff                    ; work         ;
;       |my_dff:gameclock_dffs[8].d_game_clock| ; 0 (0)               ; 1 (1)                     ; 0                 ; 0          ; 0    ; 0            ; |FootballScoreboardProject|game_clock_DFF:inst11|my_dff:gameclock_dffs[8].d_game_clock                                                                  ; my_dff                    ; work         ;
;       |my_dff:gameclock_dffs[9].d_game_clock| ; 0 (0)               ; 1 (1)                     ; 0                 ; 0          ; 0    ; 0            ; |FootballScoreboardProject|game_clock_DFF:inst11|my_dff:gameclock_dffs[9].d_game_clock                                                                  ; my_dff                    ; work         ;
;    |hex_decoder:inst2|                        ; 7 (7)               ; 0 (0)                     ; 0                 ; 0          ; 0    ; 0            ; |FootballScoreboardProject|hex_decoder:inst2                                                                                                            ; hex_decoder               ; work         ;
;    |hex_decoder:inst5|                        ; 7 (7)               ; 0 (0)                     ; 0                 ; 0          ; 0    ; 0            ; |FootballScoreboardProject|hex_decoder:inst5                                                                                                            ; hex_decoder               ; work         ;
;    |hex_decoder:inst6|                        ; 7 (7)               ; 0 (0)                     ; 0                 ; 0          ; 0    ; 0            ; |FootballScoreboardProject|hex_decoder:inst6                                                                                                            ; hex_decoder               ; work         ;
;    |hex_decoder:inst7|                        ; 7 (7)               ; 0 (0)                     ; 0                 ; 0          ; 0    ; 0            ; |FootballScoreboardProject|hex_decoder:inst7                                                                                                            ; hex_decoder               ; work         ;
;    |hex_decoder:inst8|                        ; 7 (7)               ; 0 (0)                     ; 0                 ; 0          ; 0    ; 0            ; |FootballScoreboardProject|hex_decoder:inst8                                                                                                            ; hex_decoder               ; work         ;
;    |hex_decoder:inst9|                        ; 7 (7)               ; 0 (0)                     ; 0                 ; 0          ; 0    ; 0            ; |FootballScoreboardProject|hex_decoder:inst9                                                                                                            ; hex_decoder               ; work         ;
;    |scoring_mechanism_DFF:inst91|             ; 236 (68)            ; 22 (2)                    ; 0                 ; 0          ; 0    ; 0            ; |FootballScoreboardProject|scoring_mechanism_DFF:inst91                                                                                                 ; scoring_mechanism_DFF     ; work         ;
;       |edge_detector:ed1|                     ; 1 (1)               ; 1 (1)                     ; 0                 ; 0          ; 0    ; 0            ; |FootballScoreboardProject|scoring_mechanism_DFF:inst91|edge_detector:ed1                                                                               ; edge_detector             ; work         ;
;       |edge_detector:ed2|                     ; 1 (1)               ; 1 (1)                     ; 0                 ; 0          ; 0    ; 0            ; |FootballScoreboardProject|scoring_mechanism_DFF:inst91|edge_detector:ed2                                                                               ; edge_detector             ; work         ;
;       |edge_detector:ed3|                     ; 0 (0)               ; 1 (1)                     ; 0                 ; 0          ; 0    ; 0            ; |FootballScoreboardProject|scoring_mechanism_DFF:inst91|edge_detector:ed3                                                                               ; edge_detector             ; work         ;
;       |edge_detector:ed4|                     ; 0 (0)               ; 1 (1)                     ; 0                 ; 0          ; 0    ; 0            ; |FootballScoreboardProject|scoring_mechanism_DFF:inst91|edge_detector:ed4                                                                               ; edge_detector             ; work         ;
;       |edge_detector:ed5|                     ; 0 (0)               ; 1 (1)                     ; 0                 ; 0          ; 0    ; 0            ; |FootballScoreboardProject|scoring_mechanism_DFF:inst91|edge_detector:ed5                                                                               ; edge_detector             ; work         ;
;       |edge_detector:ed6|                     ; 1 (1)               ; 1 (1)                     ; 0                 ; 0          ; 0    ; 0            ; |FootballScoreboardProject|scoring_mechanism_DFF:inst91|edge_detector:ed6                                                                               ; edge_detector             ; work         ;
;       |lpm_divide:Div0|                       ; 38 (0)              ; 0 (0)                     ; 0                 ; 0          ; 0    ; 0            ; |FootballScoreboardProject|scoring_mechanism_DFF:inst91|lpm_divide:Div0                                                                                 ; lpm_divide                ; work         ;
;          |lpm_divide_4am:auto_generated|      ; 38 (0)              ; 0 (0)                     ; 0                 ; 0          ; 0    ; 0            ; |FootballScoreboardProject|scoring_mechanism_DFF:inst91|lpm_divide:Div0|lpm_divide_4am:auto_generated                                                   ; lpm_divide_4am            ; work         ;
;             |sign_div_unsign_akh:divider|     ; 38 (0)              ; 0 (0)                     ; 0                 ; 0          ; 0    ; 0            ; |FootballScoreboardProject|scoring_mechanism_DFF:inst91|lpm_divide:Div0|lpm_divide_4am:auto_generated|sign_div_unsign_akh:divider                       ; sign_div_unsign_akh       ; work         ;
;                |alt_u_div_qse:divider|        ; 38 (38)             ; 0 (0)                     ; 0                 ; 0          ; 0    ; 0            ; |FootballScoreboardProject|scoring_mechanism_DFF:inst91|lpm_divide:Div0|lpm_divide_4am:auto_generated|sign_div_unsign_akh:divider|alt_u_div_qse:divider ; alt_u_div_qse             ; work         ;
;       |lpm_divide:Div1|                       ; 38 (0)              ; 0 (0)                     ; 0                 ; 0          ; 0    ; 0            ; |FootballScoreboardProject|scoring_mechanism_DFF:inst91|lpm_divide:Div1                                                                                 ; lpm_divide                ; work         ;
;          |lpm_divide_4am:auto_generated|      ; 38 (0)              ; 0 (0)                     ; 0                 ; 0          ; 0    ; 0            ; |FootballScoreboardProject|scoring_mechanism_DFF:inst91|lpm_divide:Div1|lpm_divide_4am:auto_generated                                                   ; lpm_divide_4am            ; work         ;
;             |sign_div_unsign_akh:divider|     ; 38 (0)              ; 0 (0)                     ; 0                 ; 0          ; 0    ; 0            ; |FootballScoreboardProject|scoring_mechanism_DFF:inst91|lpm_divide:Div1|lpm_divide_4am:auto_generated|sign_div_unsign_akh:divider                       ; sign_div_unsign_akh       ; work         ;
;                |alt_u_div_qse:divider|        ; 38 (38)             ; 0 (0)                     ; 0                 ; 0          ; 0    ; 0            ; |FootballScoreboardProject|scoring_mechanism_DFF:inst91|lpm_divide:Div1|lpm_divide_4am:auto_generated|sign_div_unsign_akh:divider|alt_u_div_qse:divider ; alt_u_div_qse             ; work         ;
;       |lpm_divide:Mod0|                       ; 42 (0)              ; 0 (0)                     ; 0                 ; 0          ; 0    ; 0            ; |FootballScoreboardProject|scoring_mechanism_DFF:inst91|lpm_divide:Mod0                                                                                 ; lpm_divide                ; work         ;
;          |lpm_divide_72m:auto_generated|      ; 42 (0)              ; 0 (0)                     ; 0                 ; 0          ; 0    ; 0            ; |FootballScoreboardProject|scoring_mechanism_DFF:inst91|lpm_divide:Mod0|lpm_divide_72m:auto_generated                                                   ; lpm_divide_72m            ; work         ;
;             |sign_div_unsign_akh:divider|     ; 42 (0)              ; 0 (0)                     ; 0                 ; 0          ; 0    ; 0            ; |FootballScoreboardProject|scoring_mechanism_DFF:inst91|lpm_divide:Mod0|lpm_divide_72m:auto_generated|sign_div_unsign_akh:divider                       ; sign_div_unsign_akh       ; work         ;
;                |alt_u_div_qse:divider|        ; 42 (42)             ; 0 (0)                     ; 0                 ; 0          ; 0    ; 0            ; |FootballScoreboardProject|scoring_mechanism_DFF:inst91|lpm_divide:Mod0|lpm_divide_72m:auto_generated|sign_div_unsign_akh:divider|alt_u_div_qse:divider ; alt_u_div_qse             ; work         ;
;       |lpm_divide:Mod1|                       ; 42 (0)              ; 0 (0)                     ; 0                 ; 0          ; 0    ; 0            ; |FootballScoreboardProject|scoring_mechanism_DFF:inst91|lpm_divide:Mod1                                                                                 ; lpm_divide                ; work         ;
;          |lpm_divide_72m:auto_generated|      ; 42 (0)              ; 0 (0)                     ; 0                 ; 0          ; 0    ; 0            ; |FootballScoreboardProject|scoring_mechanism_DFF:inst91|lpm_divide:Mod1|lpm_divide_72m:auto_generated                                                   ; lpm_divide_72m            ; work         ;
;             |sign_div_unsign_akh:divider|     ; 42 (0)              ; 0 (0)                     ; 0                 ; 0          ; 0    ; 0            ; |FootballScoreboardProject|scoring_mechanism_DFF:inst91|lpm_divide:Mod1|lpm_divide_72m:auto_generated|sign_div_unsign_akh:divider                       ; sign_div_unsign_akh       ; work         ;
;                |alt_u_div_qse:divider|        ; 42 (42)             ; 0 (0)                     ; 0                 ; 0          ; 0    ; 0            ; |FootballScoreboardProject|scoring_mechanism_DFF:inst91|lpm_divide:Mod1|lpm_divide_72m:auto_generated|sign_div_unsign_akh:divider|alt_u_div_qse:divider ; alt_u_div_qse             ; work         ;
;       |my_dff:score1_dffs[0].d1|              ; 0 (0)               ; 1 (1)                     ; 0                 ; 0          ; 0    ; 0            ; |FootballScoreboardProject|scoring_mechanism_DFF:inst91|my_dff:score1_dffs[0].d1                                                                        ; my_dff                    ; work         ;
;       |my_dff:score1_dffs[1].d1|              ; 4 (4)               ; 1 (1)                     ; 0                 ; 0          ; 0    ; 0            ; |FootballScoreboardProject|scoring_mechanism_DFF:inst91|my_dff:score1_dffs[1].d1                                                                        ; my_dff                    ; work         ;
;       |my_dff:score1_dffs[2].d1|              ; 0 (0)               ; 1 (1)                     ; 0                 ; 0          ; 0    ; 0            ; |FootballScoreboardProject|scoring_mechanism_DFF:inst91|my_dff:score1_dffs[2].d1                                                                        ; my_dff                    ; work         ;
;       |my_dff:score1_dffs[3].d1|              ; 0 (0)               ; 1 (1)                     ; 0                 ; 0          ; 0    ; 0            ; |FootballScoreboardProject|scoring_mechanism_DFF:inst91|my_dff:score1_dffs[3].d1                                                                        ; my_dff                    ; work         ;
;       |my_dff:score1_dffs[4].d1|              ; 0 (0)               ; 1 (1)                     ; 0                 ; 0          ; 0    ; 0            ; |FootballScoreboardProject|scoring_mechanism_DFF:inst91|my_dff:score1_dffs[4].d1                                                                        ; my_dff                    ; work         ;
;       |my_dff:score1_dffs[5].d1|              ; 0 (0)               ; 1 (1)                     ; 0                 ; 0          ; 0    ; 0            ; |FootballScoreboardProject|scoring_mechanism_DFF:inst91|my_dff:score1_dffs[5].d1                                                                        ; my_dff                    ; work         ;
;       |my_dff:score1_dffs[6].d1|              ; 0 (0)               ; 1 (1)                     ; 0                 ; 0          ; 0    ; 0            ; |FootballScoreboardProject|scoring_mechanism_DFF:inst91|my_dff:score1_dffs[6].d1                                                                        ; my_dff                    ; work         ;
;       |my_dff:score2_dffs[0].d2|              ; 0 (0)               ; 1 (1)                     ; 0                 ; 0          ; 0    ; 0            ; |FootballScoreboardProject|scoring_mechanism_DFF:inst91|my_dff:score2_dffs[0].d2                                                                        ; my_dff                    ; work         ;
;       |my_dff:score2_dffs[1].d2|              ; 0 (0)               ; 1 (1)                     ; 0                 ; 0          ; 0    ; 0            ; |FootballScoreboardProject|scoring_mechanism_DFF:inst91|my_dff:score2_dffs[1].d2                                                                        ; my_dff                    ; work         ;
;       |my_dff:score2_dffs[2].d2|              ; 0 (0)               ; 1 (1)                     ; 0                 ; 0          ; 0    ; 0            ; |FootballScoreboardProject|scoring_mechanism_DFF:inst91|my_dff:score2_dffs[2].d2                                                                        ; my_dff                    ; work         ;
;       |my_dff:score2_dffs[3].d2|              ; 0 (0)               ; 1 (1)                     ; 0                 ; 0          ; 0    ; 0            ; |FootballScoreboardProject|scoring_mechanism_DFF:inst91|my_dff:score2_dffs[3].d2                                                                        ; my_dff                    ; work         ;
;       |my_dff:score2_dffs[4].d2|              ; 0 (0)               ; 1 (1)                     ; 0                 ; 0          ; 0    ; 0            ; |FootballScoreboardProject|scoring_mechanism_DFF:inst91|my_dff:score2_dffs[4].d2                                                                        ; my_dff                    ; work         ;
;       |my_dff:score2_dffs[5].d2|              ; 1 (1)               ; 1 (1)                     ; 0                 ; 0          ; 0    ; 0            ; |FootballScoreboardProject|scoring_mechanism_DFF:inst91|my_dff:score2_dffs[5].d2                                                                        ; my_dff                    ; work         ;
;       |my_dff:score2_dffs[6].d2|              ; 0 (0)               ; 1 (1)                     ; 0                 ; 0          ; 0    ; 0            ; |FootballScoreboardProject|scoring_mechanism_DFF:inst91|my_dff:score2_dffs[6].d2                                                                        ; my_dff                    ; work         ;
;    |timer_module:inst1|                       ; 40 (40)             ; 33 (33)                   ; 0                 ; 0          ; 0    ; 0            ; |FootballScoreboardProject|timer_module:inst1                                                                                                           ; timer_module              ; work         ;
+-----------------------------------------------+---------------------+---------------------------+-------------------+------------+------+--------------+---------------------------------------------------------------------------------------------------------------------------------------------------------+---------------------------+--------------+
Note: For table entries with two numbers listed, the numbers in parentheses indicate the number of resources of the given type used by the specific entity alone. The numbers listed outside of parentheses indicate the total resources of the given type used by the specific entity and all of its sub-entities in the hierarchy.


+------------------------------------------------------+
; General Register Statistics                          ;
+----------------------------------------------+-------+
; Statistic                                    ; Value ;
+----------------------------------------------+-------+
; Total registers                              ; 96    ;
; Number of registers using Synchronous Clear  ; 32    ;
; Number of registers using Synchronous Load   ; 0     ;
; Number of registers using Asynchronous Clear ; 96    ;
; Number of registers using Asynchronous Load  ; 0     ;
; Number of registers using Clock Enable       ; 33    ;
; Number of registers using Preset             ; 0     ;
+----------------------------------------------+-------+


+--------------------------------------------------+
; Inverted Register Statistics                     ;
+----------------------------------------+---------+
; Inverted Register                      ; Fan out ;
+----------------------------------------+---------+
; game_clock_DFF:inst11|game_clock[0]    ; 3       ;
; game_clock_DFF:inst11|game_clock[1]    ; 3       ;
; game_clock_DFF:inst11|game_clock[2]    ; 3       ;
; game_clock_DFF:inst11|game_clock[3]    ; 3       ;
; game_clock_DFF:inst11|counter[3]       ; 4       ;
; game_clock_DFF:inst11|counter[4]       ; 4       ;
; game_clock_DFF:inst11|counter[9]       ; 3       ;
; game_clock_DFF:inst11|counter[6]       ; 3       ;
; Total number of inverted registers = 8 ;         ;
+----------------------------------------+---------+


+--------------------------------------------------------------------------------------------------------------------------------------------------------------------------------------------------+
; Multiplexer Restructuring Statistics (Restructuring Performed)                                                                                                                                   ;
+--------------------+-----------+---------------+----------------------+------------------------+------------+------------------------------------------------------------------------------------+
; Multiplexer Inputs ; Bus Width ; Baseline Area ; Area if Restructured ; Saving if Restructured ; Registered ; Example Multiplexer Output                                                         ;
+--------------------+-----------+---------------+----------------------+------------------------+------------+------------------------------------------------------------------------------------+
; 3:1                ; 6 bits    ; 12 LEs        ; 6 LEs                ; 6 LEs                  ; Yes        ; |FootballScoreboardProject|game_clock_DFF:inst11|game_clock[7]                     ;
; 7:1                ; 6 bits    ; 24 LEs        ; 12 LEs               ; 12 LEs                 ; Yes        ; |FootballScoreboardProject|scoring_mechanism_DFF:inst91|my_dff:score1_dffs[1].d1|q ;
; 7:1                ; 6 bits    ; 24 LEs        ; 12 LEs               ; 12 LEs                 ; Yes        ; |FootballScoreboardProject|scoring_mechanism_DFF:inst91|my_dff:score2_dffs[5].d2|q ;
; 3:1                ; 4 bits    ; 8 LEs         ; 4 LEs                ; 4 LEs                  ; Yes        ; |FootballScoreboardProject|game_clock_DFF:inst11|game_clock[0]                     ;
+--------------------+-----------+---------------+----------------------+------------------------+------------+------------------------------------------------------------------------------------+


+-----------------------------------------------------------------+
; Parameter Settings for User Entity Instance: timer_module:inst1 ;
+----------------+----------+-------------------------------------+
; Parameter Name ; Value    ; Type                                ;
+----------------+----------+-------------------------------------+
; LOWCOUNT       ; 25000000 ; Signed Integer                      ;
+----------------+----------+-------------------------------------+
Note: In order to hide this table in the UI and the text report file, please set the "Show Parameter Settings in Synthesis Report" option in "Analysis and Synthesis Settings -> More Settings" to "Off".


+----------------------------------------------------------------------------------------+
; Parameter Settings for Inferred Entity Instance: game_clock_DFF:inst11|lpm_divide:Div0 ;
+------------------------+----------------+----------------------------------------------+
; Parameter Name         ; Value          ; Type                                         ;
+------------------------+----------------+----------------------------------------------+
; LPM_WIDTHN             ; 10             ; Untyped                                      ;
; LPM_WIDTHD             ; 4              ; Untyped                                      ;
; LPM_NREPRESENTATION    ; UNSIGNED       ; Untyped                                      ;
; LPM_DREPRESENTATION    ; UNSIGNED       ; Untyped                                      ;
; LPM_PIPELINE           ; 0              ; Untyped                                      ;
; LPM_REMAINDERPOSITIVE  ; TRUE           ; Untyped                                      ;
; MAXIMIZE_SPEED         ; 5              ; Untyped                                      ;
; CBXI_PARAMETER         ; lpm_divide_ebm ; Untyped                                      ;
; CARRY_CHAIN            ; MANUAL         ; Untyped                                      ;
; OPTIMIZE_FOR_SPEED     ; 5              ; Untyped                                      ;
; AUTO_CARRY_CHAINS      ; ON             ; AUTO_CARRY                                   ;
; IGNORE_CARRY_BUFFERS   ; OFF            ; IGNORE_CARRY                                 ;
; AUTO_CASCADE_CHAINS    ; ON             ; AUTO_CASCADE                                 ;
; IGNORE_CASCADE_BUFFERS ; OFF            ; IGNORE_CASCADE                               ;
+------------------------+----------------+----------------------------------------------+
Note: In order to hide this table in the UI and the text report file, please set the "Show Parameter Settings in Synthesis Report" option in "Analysis and Synthesis Settings -> More Settings" to "Off".


+----------------------------------------------------------------------------------------+
; Parameter Settings for Inferred Entity Instance: game_clock_DFF:inst11|lpm_divide:Div1 ;
+------------------------+----------------+----------------------------------------------+
; Parameter Name         ; Value          ; Type                                         ;
+------------------------+----------------+----------------------------------------------+
; LPM_WIDTHN             ; 10             ; Untyped                                      ;
; LPM_WIDTHD             ; 4              ; Untyped                                      ;
; LPM_NREPRESENTATION    ; UNSIGNED       ; Untyped                                      ;
; LPM_DREPRESENTATION    ; UNSIGNED       ; Untyped                                      ;
; LPM_PIPELINE           ; 0              ; Untyped                                      ;
; LPM_REMAINDERPOSITIVE  ; TRUE           ; Untyped                                      ;
; MAXIMIZE_SPEED         ; 5              ; Untyped                                      ;
; CBXI_PARAMETER         ; lpm_divide_ebm ; Untyped                                      ;
; CARRY_CHAIN            ; MANUAL         ; Untyped                                      ;
; OPTIMIZE_FOR_SPEED     ; 5              ; Untyped                                      ;
; AUTO_CARRY_CHAINS      ; ON             ; AUTO_CARRY                                   ;
; IGNORE_CARRY_BUFFERS   ; OFF            ; IGNORE_CARRY                                 ;
; AUTO_CASCADE_CHAINS    ; ON             ; AUTO_CASCADE                                 ;
; IGNORE_CASCADE_BUFFERS ; OFF            ; IGNORE_CASCADE                               ;
+------------------------+----------------+----------------------------------------------+
Note: In order to hide this table in the UI and the text report file, please set the "Show Parameter Settings in Synthesis Report" option in "Analysis and Synthesis Settings -> More Settings" to "Off".


+----------------------------------------------------------------------------------------+
; Parameter Settings for Inferred Entity Instance: game_clock_DFF:inst11|lpm_divide:Mod0 ;
+------------------------+----------------+----------------------------------------------+
; Parameter Name         ; Value          ; Type                                         ;
+------------------------+----------------+----------------------------------------------+
; LPM_WIDTHN             ; 10             ; Untyped                                      ;
; LPM_WIDTHD             ; 4              ; Untyped                                      ;
; LPM_NREPRESENTATION    ; UNSIGNED       ; Untyped                                      ;
; LPM_DREPRESENTATION    ; UNSIGNED       ; Untyped                                      ;
; LPM_PIPELINE           ; 0              ; Untyped                                      ;
; LPM_REMAINDERPOSITIVE  ; TRUE           ; Untyped                                      ;
; MAXIMIZE_SPEED         ; 5              ; Untyped                                      ;
; CBXI_PARAMETER         ; lpm_divide_h3m ; Untyped                                      ;
; CARRY_CHAIN            ; MANUAL         ; Untyped                                      ;
; OPTIMIZE_FOR_SPEED     ; 5              ; Untyped                                      ;
; AUTO_CARRY_CHAINS      ; ON             ; AUTO_CARRY                                   ;
; IGNORE_CARRY_BUFFERS   ; OFF            ; IGNORE_CARRY                                 ;
; AUTO_CASCADE_CHAINS    ; ON             ; AUTO_CASCADE                                 ;
; IGNORE_CASCADE_BUFFERS ; OFF            ; IGNORE_CASCADE                               ;
+------------------------+----------------+----------------------------------------------+
Note: In order to hide this table in the UI and the text report file, please set the "Show Parameter Settings in Synthesis Report" option in "Analysis and Synthesis Settings -> More Settings" to "Off".


+----------------------------------------------------------------------------------------+
; Parameter Settings for Inferred Entity Instance: game_clock_DFF:inst11|lpm_divide:Mod1 ;
+------------------------+----------------+----------------------------------------------+
; Parameter Name         ; Value          ; Type                                         ;
+------------------------+----------------+----------------------------------------------+
; LPM_WIDTHN             ; 10             ; Untyped                                      ;
; LPM_WIDTHD             ; 4              ; Untyped                                      ;
; LPM_NREPRESENTATION    ; UNSIGNED       ; Untyped                                      ;
; LPM_DREPRESENTATION    ; UNSIGNED       ; Untyped                                      ;
; LPM_PIPELINE           ; 0              ; Untyped                                      ;
; LPM_REMAINDERPOSITIVE  ; TRUE           ; Untyped                                      ;
; MAXIMIZE_SPEED         ; 5              ; Untyped                                      ;
; CBXI_PARAMETER         ; lpm_divide_h3m ; Untyped                                      ;
; CARRY_CHAIN            ; MANUAL         ; Untyped                                      ;
; OPTIMIZE_FOR_SPEED     ; 5              ; Untyped                                      ;
; AUTO_CARRY_CHAINS      ; ON             ; AUTO_CARRY                                   ;
; IGNORE_CARRY_BUFFERS   ; OFF            ; IGNORE_CARRY                                 ;
; AUTO_CASCADE_CHAINS    ; ON             ; AUTO_CASCADE                                 ;
; IGNORE_CASCADE_BUFFERS ; OFF            ; IGNORE_CASCADE                               ;
+------------------------+----------------+----------------------------------------------+
Note: In order to hide this table in the UI and the text report file, please set the "Show Parameter Settings in Synthesis Report" option in "Analysis and Synthesis Settings -> More Settings" to "Off".


+-----------------------------------------------------------------------------------------------+
; Parameter Settings for Inferred Entity Instance: scoring_mechanism_DFF:inst91|lpm_divide:Mod0 ;
+------------------------+----------------+-----------------------------------------------------+
; Parameter Name         ; Value          ; Type                                                ;
+------------------------+----------------+-----------------------------------------------------+
; LPM_WIDTHN             ; 7              ; Untyped                                             ;
; LPM_WIDTHD             ; 4              ; Untyped                                             ;
; LPM_NREPRESENTATION    ; UNSIGNED       ; Untyped                                             ;
; LPM_DREPRESENTATION    ; UNSIGNED       ; Untyped                                             ;
; LPM_PIPELINE           ; 0              ; Untyped                                             ;
; LPM_REMAINDERPOSITIVE  ; TRUE           ; Untyped                                             ;
; MAXIMIZE_SPEED         ; 5              ; Untyped                                             ;
; CBXI_PARAMETER         ; lpm_divide_72m ; Untyped                                             ;
; CARRY_CHAIN            ; MANUAL         ; Untyped                                             ;
; OPTIMIZE_FOR_SPEED     ; 5              ; Untyped                                             ;
; AUTO_CARRY_CHAINS      ; ON             ; AUTO_CARRY                                          ;
; IGNORE_CARRY_BUFFERS   ; OFF            ; IGNORE_CARRY                                        ;
; AUTO_CASCADE_CHAINS    ; ON             ; AUTO_CASCADE                                        ;
; IGNORE_CASCADE_BUFFERS ; OFF            ; IGNORE_CASCADE                                      ;
+------------------------+----------------+-----------------------------------------------------+
Note: In order to hide this table in the UI and the text report file, please set the "Show Parameter Settings in Synthesis Report" option in "Analysis and Synthesis Settings -> More Settings" to "Off".


+-----------------------------------------------------------------------------------------------+
; Parameter Settings for Inferred Entity Instance: scoring_mechanism_DFF:inst91|lpm_divide:Div0 ;
+------------------------+----------------+-----------------------------------------------------+
; Parameter Name         ; Value          ; Type                                                ;
+------------------------+----------------+-----------------------------------------------------+
; LPM_WIDTHN             ; 7              ; Untyped                                             ;
; LPM_WIDTHD             ; 4              ; Untyped                                             ;
; LPM_NREPRESENTATION    ; UNSIGNED       ; Untyped                                             ;
; LPM_DREPRESENTATION    ; UNSIGNED       ; Untyped                                             ;
; LPM_PIPELINE           ; 0              ; Untyped                                             ;
; LPM_REMAINDERPOSITIVE  ; TRUE           ; Untyped                                             ;
; MAXIMIZE_SPEED         ; 5              ; Untyped                                             ;
; CBXI_PARAMETER         ; lpm_divide_4am ; Untyped                                             ;
; CARRY_CHAIN            ; MANUAL         ; Untyped                                             ;
; OPTIMIZE_FOR_SPEED     ; 5              ; Untyped                                             ;
; AUTO_CARRY_CHAINS      ; ON             ; AUTO_CARRY                                          ;
; IGNORE_CARRY_BUFFERS   ; OFF            ; IGNORE_CARRY                                        ;
; AUTO_CASCADE_CHAINS    ; ON             ; AUTO_CASCADE                                        ;
; IGNORE_CASCADE_BUFFERS ; OFF            ; IGNORE_CASCADE                                      ;
+------------------------+----------------+-----------------------------------------------------+
Note: In order to hide this table in the UI and the text report file, please set the "Show Parameter Settings in Synthesis Report" option in "Analysis and Synthesis Settings -> More Settings" to "Off".


+-----------------------------------------------------------------------------------------------+
; Parameter Settings for Inferred Entity Instance: scoring_mechanism_DFF:inst91|lpm_divide:Mod1 ;
+------------------------+----------------+-----------------------------------------------------+
; Parameter Name         ; Value          ; Type                                                ;
+------------------------+----------------+-----------------------------------------------------+
; LPM_WIDTHN             ; 7              ; Untyped                                             ;
; LPM_WIDTHD             ; 4              ; Untyped                                             ;
; LPM_NREPRESENTATION    ; UNSIGNED       ; Untyped                                             ;
; LPM_DREPRESENTATION    ; UNSIGNED       ; Untyped                                             ;
; LPM_PIPELINE           ; 0              ; Untyped                                             ;
; LPM_REMAINDERPOSITIVE  ; TRUE           ; Untyped                                             ;
; MAXIMIZE_SPEED         ; 5              ; Untyped                                             ;
; CBXI_PARAMETER         ; lpm_divide_72m ; Untyped                                             ;
; CARRY_CHAIN            ; MANUAL         ; Untyped                                             ;
; OPTIMIZE_FOR_SPEED     ; 5              ; Untyped                                             ;
; AUTO_CARRY_CHAINS      ; ON             ; AUTO_CARRY                                          ;
; IGNORE_CARRY_BUFFERS   ; OFF            ; IGNORE_CARRY                                        ;
; AUTO_CASCADE_CHAINS    ; ON             ; AUTO_CASCADE                                        ;
; IGNORE_CASCADE_BUFFERS ; OFF            ; IGNORE_CASCADE                                      ;
+------------------------+----------------+-----------------------------------------------------+
Note: In order to hide this table in the UI and the text report file, please set the "Show Parameter Settings in Synthesis Report" option in "Analysis and Synthesis Settings -> More Settings" to "Off".


+-----------------------------------------------------------------------------------------------+
; Parameter Settings for Inferred Entity Instance: scoring_mechanism_DFF:inst91|lpm_divide:Div1 ;
+------------------------+----------------+-----------------------------------------------------+
; Parameter Name         ; Value          ; Type                                                ;
+------------------------+----------------+-----------------------------------------------------+
; LPM_WIDTHN             ; 7              ; Untyped                                             ;
; LPM_WIDTHD             ; 4              ; Untyped                                             ;
; LPM_NREPRESENTATION    ; UNSIGNED       ; Untyped                                             ;
; LPM_DREPRESENTATION    ; UNSIGNED       ; Untyped                                             ;
; LPM_PIPELINE           ; 0              ; Untyped                                             ;
; LPM_REMAINDERPOSITIVE  ; TRUE           ; Untyped                                             ;
; MAXIMIZE_SPEED         ; 5              ; Untyped                                             ;
; CBXI_PARAMETER         ; lpm_divide_4am ; Untyped                                             ;
; CARRY_CHAIN            ; MANUAL         ; Untyped                                             ;
; OPTIMIZE_FOR_SPEED     ; 5              ; Untyped                                             ;
; AUTO_CARRY_CHAINS      ; ON             ; AUTO_CARRY                                          ;
; IGNORE_CARRY_BUFFERS   ; OFF            ; IGNORE_CARRY                                        ;
; AUTO_CASCADE_CHAINS    ; ON             ; AUTO_CASCADE                                        ;
; IGNORE_CASCADE_BUFFERS ; OFF            ; IGNORE_CASCADE                                      ;
+------------------------+----------------+-----------------------------------------------------+
Note: In order to hide this table in the UI and the text report file, please set the "Show Parameter Settings in Synthesis Report" option in "Analysis and Synthesis Settings -> More Settings" to "Off".


+-----------------------------------------------------+
; Post-Synthesis Netlist Statistics for Top Partition ;
+-----------------------+-----------------------------+
; Type                  ; Count                       ;
+-----------------------+-----------------------------+
; arriav_ff             ; 96                          ;
;     CLR               ; 31                          ;
;     CLR SCLR          ; 32                          ;
;     ENA CLR           ; 33                          ;
; arriav_lcell_comb     ; 668                         ;
;     arith             ; 344                         ;
;         0 data inputs ; 72                          ;
;         1 data inputs ; 124                         ;
;         2 data inputs ; 20                          ;
;         3 data inputs ; 100                         ;
;         4 data inputs ; 28                          ;
;     extend            ; 6                           ;
;         7 data inputs ; 6                           ;
;     normal            ; 278                         ;
;         1 data inputs ; 20                          ;
;         2 data inputs ; 96                          ;
;         3 data inputs ; 73                          ;
;         4 data inputs ; 48                          ;
;         5 data inputs ; 15                          ;
;         6 data inputs ; 26                          ;
;     shared            ; 40                          ;
;         0 data inputs ; 8                           ;
;         1 data inputs ; 32                          ;
; boundary_port         ; 54                          ;
;                       ;                             ;
; Max LUT depth         ; 14.70                       ;
; Average LUT depth     ; 8.38                        ;
+-----------------------+-----------------------------+


+-------------------------------+
; Elapsed Time Per Partition    ;
+----------------+--------------+
; Partition Name ; Elapsed Time ;
+----------------+--------------+
; Top            ; 00:00:01     ;
+----------------+--------------+


+-------------------------------+
; Analysis & Synthesis Messages ;
+-------------------------------+
Info: *******************************************************************
Info: Running Quartus Prime Analysis & Synthesis
    Info: Version 24.1std.0 Build 1077 03/04/2025 SC Lite Edition
    Info: Processing started: Mon Apr 14 11:01:25 2025
Info: Command: quartus_map --read_settings_files=on --write_settings_files=off FootballScoreboardProject -c FootballScoreboardProject
Warning (18236): Number of processors has not been specified which may cause overloading on shared machines.  Set the global assignment NUM_PARALLEL_PROCESSORS in your QSF to an appropriate value for best performance.
Info (20030): Parallel compilation is enabled and will use 14 of the 14 processors detected
Info (12021): Found 1 design units, including 1 entities, in source file footballscoreboardproject.bdf
    Info (12023): Found entity 1: FootballScoreboardProject
Info (12021): Found 1 design units, including 1 entities, in source file game_clock.v
    Info (12023): Found entity 1: game_clock File: C:/Users/alexb/EEL3705 Final Project/game_clock.v Line: 1
Info (12021): Found 1 design units, including 1 entities, in source file timer_module.v
    Info (12023): Found entity 1: timer_module File: C:/Users/alexb/EEL3705 Final Project/timer_module.v Line: 1
Info (12021): Found 1 design units, including 1 entities, in source file hex_decoder.v
    Info (12023): Found entity 1: hex_decoder File: C:/Users/alexb/EEL3705 Final Project/hex_decoder.v Line: 1
Info (12021): Found 1 design units, including 1 entities, in source file game_clock_dff.v
    Info (12023): Found entity 1: game_clock_DFF File: C:/Users/alexb/EEL3705 Final Project/game_clock_DFF.v Line: 1
Info (12021): Found 1 design units, including 1 entities, in source file my_dff.v
    Info (12023): Found entity 1: my_dff File: C:/Users/alexb/EEL3705 Final Project/my_dff.v Line: 1
Info (12021): Found 1 design units, including 1 entities, in source file scoring_mechanism.v
    Info (12023): Found entity 1: scoring_mechanism File: C:/Users/alexb/EEL3705 Final Project/scoring_mechanism.v Line: 1
Info (12021): Found 1 design units, including 1 entities, in source file scoring_mechanism_dff.v
    Info (12023): Found entity 1: scoring_mechanism_DFF File: C:/Users/alexb/EEL3705 Final Project/scoring_mechanism_DFF.v Line: 1
Info (12021): Found 1 design units, including 1 entities, in source file edge_detector.v
    Info (12023): Found entity 1: edge_detector File: C:/Users/alexb/EEL3705 Final Project/edge_detector.v Line: 1
Info (12127): Elaborating entity "FootballScoreboardProject" for the top level hierarchy
Warning (275083): Bus "gameClock2[6..0]" found using same base name as "gameClock", which might lead to a name conflict.
Warning (275080): Converted elements in bus name "gameClock" using legacy naming rules. Make any assignments on the new names, not on the original names.
    Warning (275081): Converted element name(s) from "gameClock[6..0]" to "gameClock6..0"
Warning (275080): Converted elements in bus name "gameClock2" using legacy naming rules. Make any assignments on the new names, not on the original names.
    Warning (275081): Converted element name(s) from "gameClock2[6..0]" to "gameClock26..0"
Info (12128): Elaborating entity "scoring_mechanism_DFF" for hierarchy "scoring_mechanism_DFF:inst91"
Warning (10230): Verilog HDL assignment warning at scoring_mechanism_DFF.v(41): truncated value with size 32 to match size of target (7) File: C:/Users/alexb/EEL3705 Final Project/scoring_mechanism_DFF.v Line: 41
Warning (10230): Verilog HDL assignment warning at scoring_mechanism_DFF.v(43): truncated value with size 32 to match size of target (7) File: C:/Users/alexb/EEL3705 Final Project/scoring_mechanism_DFF.v Line: 43
Warning (10230): Verilog HDL assignment warning at scoring_mechanism_DFF.v(46): truncated value with size 32 to match size of target (7) File: C:/Users/alexb/EEL3705 Final Project/scoring_mechanism_DFF.v Line: 46
Warning (10230): Verilog HDL assignment warning at scoring_mechanism_DFF.v(48): truncated value with size 32 to match size of target (7) File: C:/Users/alexb/EEL3705 Final Project/scoring_mechanism_DFF.v Line: 48
Warning (10230): Verilog HDL assignment warning at scoring_mechanism_DFF.v(51): truncated value with size 32 to match size of target (7) File: C:/Users/alexb/EEL3705 Final Project/scoring_mechanism_DFF.v Line: 51
Warning (10230): Verilog HDL assignment warning at scoring_mechanism_DFF.v(53): truncated value with size 32 to match size of target (7) File: C:/Users/alexb/EEL3705 Final Project/scoring_mechanism_DFF.v Line: 53
Warning (10230): Verilog HDL assignment warning at scoring_mechanism_DFF.v(56): truncated value with size 32 to match size of target (7) File: C:/Users/alexb/EEL3705 Final Project/scoring_mechanism_DFF.v Line: 56
Warning (10230): Verilog HDL assignment warning at scoring_mechanism_DFF.v(58): truncated value with size 32 to match size of target (7) File: C:/Users/alexb/EEL3705 Final Project/scoring_mechanism_DFF.v Line: 58
Warning (10230): Verilog HDL assignment warning at scoring_mechanism_DFF.v(61): truncated value with size 32 to match size of target (7) File: C:/Users/alexb/EEL3705 Final Project/scoring_mechanism_DFF.v Line: 61
Warning (10230): Verilog HDL assignment warning at scoring_mechanism_DFF.v(63): truncated value with size 32 to match size of target (7) File: C:/Users/alexb/EEL3705 Final Project/scoring_mechanism_DFF.v Line: 63
Warning (10230): Verilog HDL assignment warning at scoring_mechanism_DFF.v(85): truncated value with size 32 to match size of target (4) File: C:/Users/alexb/EEL3705 Final Project/scoring_mechanism_DFF.v Line: 85
Warning (10230): Verilog HDL assignment warning at scoring_mechanism_DFF.v(86): truncated value with size 32 to match size of target (4) File: C:/Users/alexb/EEL3705 Final Project/scoring_mechanism_DFF.v Line: 86
Warning (10230): Verilog HDL assignment warning at scoring_mechanism_DFF.v(87): truncated value with size 32 to match size of target (4) File: C:/Users/alexb/EEL3705 Final Project/scoring_mechanism_DFF.v Line: 87
Warning (10230): Verilog HDL assignment warning at scoring_mechanism_DFF.v(88): truncated value with size 32 to match size of target (4) File: C:/Users/alexb/EEL3705 Final Project/scoring_mechanism_DFF.v Line: 88
Info (12128): Elaborating entity "edge_detector" for hierarchy "scoring_mechanism_DFF:inst91|edge_detector:ed1" File: C:/Users/alexb/EEL3705 Final Project/scoring_mechanism_DFF.v Line: 18
Info (12128): Elaborating entity "my_dff" for hierarchy "scoring_mechanism_DFF:inst91|my_dff:score1_dffs[0].d1" File: C:/Users/alexb/EEL3705 Final Project/scoring_mechanism_DFF.v Line: 28
Info (12128): Elaborating entity "timer_module" for hierarchy "timer_module:inst1"
Info (12128): Elaborating entity "hex_decoder" for hierarchy "hex_decoder:inst8"
Info (12128): Elaborating entity "game_clock_DFF" for hierarchy "game_clock_DFF:inst11"
Warning (10230): Verilog HDL assignment warning at game_clock_DFF.v(31): truncated value with size 32 to match size of target (10) File: C:/Users/alexb/EEL3705 Final Project/game_clock_DFF.v Line: 31
Warning (10230): Verilog HDL assignment warning at game_clock_DFF.v(34): truncated value with size 32 to match size of target (10) File: C:/Users/alexb/EEL3705 Final Project/game_clock_DFF.v Line: 34
Warning (10230): Verilog HDL assignment warning at game_clock_DFF.v(53): truncated value with size 32 to match size of target (4) File: C:/Users/alexb/EEL3705 Final Project/game_clock_DFF.v Line: 53
Warning (10230): Verilog HDL assignment warning at game_clock_DFF.v(54): truncated value with size 32 to match size of target (4) File: C:/Users/alexb/EEL3705 Final Project/game_clock_DFF.v Line: 54
Warning (10230): Verilog HDL assignment warning at game_clock_DFF.v(56): truncated value with size 32 to match size of target (4) File: C:/Users/alexb/EEL3705 Final Project/game_clock_DFF.v Line: 56
Warning (10230): Verilog HDL assignment warning at game_clock_DFF.v(57): truncated value with size 32 to match size of target (4) File: C:/Users/alexb/EEL3705 Final Project/game_clock_DFF.v Line: 57
Info (278001): Inferred 8 megafunctions from design logic
    Info (278004): Inferred divider/modulo megafunction ("lpm_divide") from the following logic: "game_clock_DFF:inst11|Div0" File: C:/Users/alexb/EEL3705 Final Project/game_clock_DFF.v Line: 54
    Info (278004): Inferred divider/modulo megafunction ("lpm_divide") from the following logic: "game_clock_DFF:inst11|Div1" File: C:/Users/alexb/EEL3705 Final Project/game_clock_DFF.v Line: 57
    Info (278004): Inferred divider/modulo megafunction ("lpm_divide") from the following logic: "game_clock_DFF:inst11|Mod0" File: C:/Users/alexb/EEL3705 Final Project/game_clock_DFF.v Line: 53
    Info (278004): Inferred divider/modulo megafunction ("lpm_divide") from the following logic: "game_clock_DFF:inst11|Mod1" File: C:/Users/alexb/EEL3705 Final Project/game_clock_DFF.v Line: 56
    Info (278004): Inferred divider/modulo megafunction ("lpm_divide") from the following logic: "scoring_mechanism_DFF:inst91|Mod0" File: C:/Users/alexb/EEL3705 Final Project/scoring_mechanism_DFF.v Line: 86
    Info (278004): Inferred divider/modulo megafunction ("lpm_divide") from the following logic: "scoring_mechanism_DFF:inst91|Div0" File: C:/Users/alexb/EEL3705 Final Project/scoring_mechanism_DFF.v Line: 85
    Info (278004): Inferred divider/modulo megafunction ("lpm_divide") from the following logic: "scoring_mechanism_DFF:inst91|Mod1" File: C:/Users/alexb/EEL3705 Final Project/scoring_mechanism_DFF.v Line: 88
    Info (278004): Inferred divider/modulo megafunction ("lpm_divide") from the following logic: "scoring_mechanism_DFF:inst91|Div1" File: C:/Users/alexb/EEL3705 Final Project/scoring_mechanism_DFF.v Line: 87
Info (12130): Elaborated megafunction instantiation "game_clock_DFF:inst11|lpm_divide:Div0" File: C:/Users/alexb/EEL3705 Final Project/game_clock_DFF.v Line: 54
Info (12133): Instantiated megafunction "game_clock_DFF:inst11|lpm_divide:Div0" with the following parameter: File: C:/Users/alexb/EEL3705 Final Project/game_clock_DFF.v Line: 54
    Info (12134): Parameter "LPM_WIDTHN" = "10"
    Info (12134): Parameter "LPM_WIDTHD" = "4"
    Info (12134): Parameter "LPM_NREPRESENTATION" = "UNSIGNED"
    Info (12134): Parameter "LPM_DREPRESENTATION" = "UNSIGNED"
Info (12021): Found 1 design units, including 1 entities, in source file db/lpm_divide_ebm.tdf
    Info (12023): Found entity 1: lpm_divide_ebm File: C:/Users/alexb/EEL3705 Final Project/db/lpm_divide_ebm.tdf Line: 25
Info (12021): Found 1 design units, including 1 entities, in source file db/sign_div_unsign_klh.tdf
    Info (12023): Found entity 1: sign_div_unsign_klh File: C:/Users/alexb/EEL3705 Final Project/db/sign_div_unsign_klh.tdf Line: 25
Info (12021): Found 1 design units, including 1 entities, in source file db/alt_u_div_eve.tdf
    Info (12023): Found entity 1: alt_u_div_eve File: C:/Users/alexb/EEL3705 Final Project/db/alt_u_div_eve.tdf Line: 23
Info (12130): Elaborated megafunction instantiation "game_clock_DFF:inst11|lpm_divide:Mod0" File: C:/Users/alexb/EEL3705 Final Project/game_clock_DFF.v Line: 53
Info (12133): Instantiated megafunction "game_clock_DFF:inst11|lpm_divide:Mod0" with the following parameter: File: C:/Users/alexb/EEL3705 Final Project/game_clock_DFF.v Line: 53
    Info (12134): Parameter "LPM_WIDTHN" = "10"
    Info (12134): Parameter "LPM_WIDTHD" = "4"
    Info (12134): Parameter "LPM_NREPRESENTATION" = "UNSIGNED"
    Info (12134): Parameter "LPM_DREPRESENTATION" = "UNSIGNED"
Info (12021): Found 1 design units, including 1 entities, in source file db/lpm_divide_h3m.tdf
    Info (12023): Found entity 1: lpm_divide_h3m File: C:/Users/alexb/EEL3705 Final Project/db/lpm_divide_h3m.tdf Line: 25
Info (12130): Elaborated megafunction instantiation "scoring_mechanism_DFF:inst91|lpm_divide:Mod0" File: C:/Users/alexb/EEL3705 Final Project/scoring_mechanism_DFF.v Line: 86
Info (12133): Instantiated megafunction "scoring_mechanism_DFF:inst91|lpm_divide:Mod0" with the following parameter: File: C:/Users/alexb/EEL3705 Final Project/scoring_mechanism_DFF.v Line: 86
    Info (12134): Parameter "LPM_WIDTHN" = "7"
    Info (12134): Parameter "LPM_WIDTHD" = "4"
    Info (12134): Parameter "LPM_NREPRESENTATION" = "UNSIGNED"
    Info (12134): Parameter "LPM_DREPRESENTATION" = "UNSIGNED"
Info (12021): Found 1 design units, including 1 entities, in source file db/lpm_divide_72m.tdf
    Info (12023): Found entity 1: lpm_divide_72m File: C:/Users/alexb/EEL3705 Final Project/db/lpm_divide_72m.tdf Line: 25
Info (12021): Found 1 design units, including 1 entities, in source file db/sign_div_unsign_akh.tdf
    Info (12023): Found entity 1: sign_div_unsign_akh File: C:/Users/alexb/EEL3705 Final Project/db/sign_div_unsign_akh.tdf Line: 25
Info (12021): Found 1 design units, including 1 entities, in source file db/alt_u_div_qse.tdf
    Info (12023): Found entity 1: alt_u_div_qse File: C:/Users/alexb/EEL3705 Final Project/db/alt_u_div_qse.tdf Line: 23
Info (12130): Elaborated megafunction instantiation "scoring_mechanism_DFF:inst91|lpm_divide:Div0" File: C:/Users/alexb/EEL3705 Final Project/scoring_mechanism_DFF.v Line: 85
Info (12133): Instantiated megafunction "scoring_mechanism_DFF:inst91|lpm_divide:Div0" with the following parameter: File: C:/Users/alexb/EEL3705 Final Project/scoring_mechanism_DFF.v Line: 85
    Info (12134): Parameter "LPM_WIDTHN" = "7"
    Info (12134): Parameter "LPM_WIDTHD" = "4"
    Info (12134): Parameter "LPM_NREPRESENTATION" = "UNSIGNED"
    Info (12134): Parameter "LPM_DREPRESENTATION" = "UNSIGNED"
Info (12021): Found 1 design units, including 1 entities, in source file db/lpm_divide_4am.tdf
    Info (12023): Found entity 1: lpm_divide_4am File: C:/Users/alexb/EEL3705 Final Project/db/lpm_divide_4am.tdf Line: 25
Info (286030): Timing-Driven Synthesis is running
Info (16010): Generating hard_block partition "hard_block:auto_generated_inst"
    Info (16011): Adding 0 node(s), including 0 DDIO, 0 PLL, 0 transceiver and 0 LCELL
Info (21057): Implemented 733 device resources after synthesis - the final resource count might be different
    Info (21058): Implemented 10 input pins
    Info (21059): Implemented 44 output pins
    Info (21061): Implemented 679 logic cells
Info: Quartus Prime Analysis & Synthesis was successful. 0 errors, 26 warnings
    Info: Peak virtual memory: 4882 megabytes
    Info: Processing ended: Mon Apr 14 11:01:38 2025
    Info: Elapsed time: 00:00:13
    Info: Total CPU time (on all processors): 00:00:30


